2023-08-11T02:09:59.878Z info: GET /
2023-08-11T02:10:00.249Z info: GET /fontawesome/css/font-awesome.min.css
2023-08-11T02:10:00.255Z info: GET /themes/bootshop/bootstrap.min.css
2023-08-11T02:10:00.263Z info: GET /themes/css/base.css
2023-08-11T02:10:00.269Z info: GET /themes/css/bootstrap-responsive.min.css
2023-08-11T02:10:00.274Z info: GET /themes/css/font-awesome.css
2023-08-11T02:10:00.280Z info: GET /themes/js/google-code-prettify/prettify.css
2023-08-11T02:10:00.812Z info: GET /themes/js/jquery.js
2023-08-11T02:10:00.820Z info: GET /themes/js/bootstrap.min.js
2023-08-11T02:10:00.826Z info: GET /themes/js/google-code-prettify/prettify.js
2023-08-11T02:10:00.831Z info: GET /themes/js/bootshop.js
2023-08-11T02:10:00.835Z info: GET /themes/js/jquery.lightbox-0.5.js
2023-08-11T02:10:00.841Z info: GET /themes/switch/themeswitch.css
2023-08-11T02:10:00.997Z info: GET /themes/font/fontawesome-webfont.woff
2023-08-11T02:10:01.014Z info: GET /themes/images/search.png
2023-08-11T02:10:01.071Z info: GET /themes/images/headerRepeat.png
2023-08-11T02:10:01.086Z info: GET /themes/images/tabRepeatInactive.png
2023-08-11T02:10:01.154Z info: GET /themes/images/new.png
2023-08-11T02:10:01.172Z info: GET /themes/images/ico-cart.png
2023-08-11T02:10:01.218Z info: GET /themes/images/products/9.jpg
2023-08-11T02:10:01.277Z info: GET /themes/images/carousel/1.png
2023-08-11T02:10:01.342Z info: GET /themes/images/products/7.jpg
2023-08-11T02:10:01.388Z info: GET /themes/images/payment_methods.png
2023-08-11T02:10:01.431Z info: GET /themes/images/products/kindle.png
2023-08-11T02:10:01.484Z info: GET /themes/images/logo.png
2023-08-11T02:10:01.493Z info: GET /themes/images/products/3.jpg
2023-08-11T02:10:01.558Z info: GET /themes/images/products/8.jpg
2023-08-11T02:10:01.581Z info: GET /themes/images/products/10.jpg
2023-08-11T02:10:01.619Z info: GET /themes/images/products/11.jpg
2023-08-11T02:10:01.642Z info: GET /themes/images/products/panasonic.jpg
2023-08-11T02:10:01.666Z info: GET /themes/images/products/6.jpg
2023-08-11T02:10:01.702Z info: GET /themes/images/products/2.jpg
2023-08-11T02:10:01.719Z info: GET /themes/switch/theamswitcher.js
2023-08-11T02:10:01.785Z info: GET /js/index.js
2023-08-11T02:10:01.790Z info: GET /themes/images/carousel/2.png
2023-08-11T02:10:01.808Z info: GET /themes/images/carousel/3.png
2023-08-11T02:10:01.817Z info: GET /themes/images/carousel/4.png
2023-08-11T02:10:01.853Z info: GET /themes/images/carousel/5.png
2023-08-11T02:10:01.867Z info: GET /themes/images/carousel/6.png
2023-08-11T02:10:01.922Z info: GET /themes/switch/images/styleTgl.png
2023-08-11T02:10:01.934Z info: GET /themes/images/products/5.jpg
2023-08-11T02:10:01.949Z info: GET /themes/images/products/1.jpg
2023-08-11T02:10:01.986Z info: GET /themes/images/products/4.jpg
2023-08-11T02:10:02.020Z info: GET /themes/images/facebook.png
2023-08-11T02:10:02.064Z info: GET /themes/images/twitter.png
2023-08-11T02:10:02.070Z info: GET /themes/images/youtube.png
2023-08-11T02:10:02.083Z info: GET /themes/switch/images/clr/bootshop.png
2023-08-11T02:10:02.120Z info: GET /themes/switch/images/clr/businessltd.png
2023-08-11T02:10:02.157Z info: GET /themes/switch/images/clr/amelia.png
2023-08-11T02:10:02.202Z info: GET /themes/switch/images/clr/spruce.png
2023-08-11T02:10:02.205Z info: GET /themes/switch/images/clr/superhero.png
2023-08-11T02:10:02.228Z info: GET /themes/switch/images/clr/cyborg.png
2023-08-11T02:10:02.253Z info: GET /themes/switch/images/clr/cerulean.png
2023-08-11T02:10:02.292Z info: GET /themes/switch/images/clr/journal.png
2023-08-11T02:10:02.297Z info: GET /themes/switch/images/clr/readable.png
2023-08-11T02:10:02.343Z info: GET /themes/switch/images/clr/simplex.png
2023-08-11T02:10:02.348Z info: GET /themes/switch/images/clr/slate.png
2023-08-11T02:10:02.380Z info: GET /themes/switch/images/clr/spacelab.png
2023-08-11T02:10:02.396Z info: GET /themes/switch/images/clr/united.png
2023-08-11T02:10:02.441Z info: GET /themes/switch/images/pattern/pattern1.png
2023-08-11T02:10:02.445Z info: GET /themes/switch/images/pattern/pattern2.png
2023-08-11T02:10:02.497Z info: GET /themes/switch/images/pattern/pattern3.png
2023-08-11T02:10:02.501Z info: GET /themes/switch/images/pattern/pattern4.png
2023-08-11T02:10:02.527Z info: GET /themes/switch/images/pattern/pattern5.png
2023-08-11T02:10:02.534Z info: GET /themes/switch/images/pattern/pattern6.png
2023-08-11T02:10:02.591Z info: GET /themes/switch/images/pattern/pattern7.png
2023-08-11T02:10:02.594Z info: GET /themes/switch/images/pattern/pattern8.png
2023-08-11T02:10:02.645Z info: GET /themes/switch/images/pattern/pattern9.png
2023-08-11T02:10:02.653Z info: GET /themes/switch/images/pattern/pattern10.png
2023-08-11T02:10:02.691Z info: GET /themes/switch/images/pattern/pattern11.png
2023-08-11T02:10:02.698Z info: GET /themes/switch/images/pattern/pattern12.png
2023-08-11T02:10:02.734Z info: GET /themes/switch/images/pattern/pattern13.png
2023-08-11T02:10:02.737Z info: GET /themes/switch/images/pattern/pattern14.png
2023-08-11T02:10:02.770Z info: GET /themes/switch/images/pattern/pattern15.png
2023-08-11T02:10:02.785Z info: GET /themes/switch/images/pattern/pattern16.png
2023-08-11T02:10:02.994Z info: GET /themes/switch/images/pattern/pattern17.png
2023-08-11T02:10:02.998Z info: GET /themes/switch/images/pattern/pattern18.png
2023-08-11T02:10:03.057Z info: GET /themes/switch/images/pattern/pattern19.png
2023-08-11T02:10:03.061Z info: GET /themes/switch/images/pattern/pattern20.png
2023-08-11T02:10:03.085Z info: GET /themes/switch/images/hideme.png
2023-08-11T02:10:03.229Z info: GET /themes/images/ico/favicon.ico
