2023-08-14T04:40:59.203Z info: GET /api/loggerTest
2023-08-14T04:41:52.588Z info: GET /api/loggerTest
2023-08-14T04:41:52.946Z info: GET /favicon.ico
2023-08-14T04:44:56.838Z info: GET /api/loggerTest
2023-08-14T04:44:57.343Z info: GET /favicon.ico
2023-08-14T04:46:12.240Z info: GET /api/loggerTest
2023-08-14T04:46:12.382Z debug: Este es un mensaje de debug
2023-08-14T04:46:12.385Z http: Este es un mensaje de http
2023-08-14T04:46:12.385Z info: Este es un mensaje de info
2023-08-14T04:46:12.595Z info: GET /favicon.ico
2023-08-14T04:47:28.267Z info: GET /api/loggerTest
2023-08-14T04:47:28.411Z debug: Este es un mensaje de debug
2023-08-14T04:47:28.413Z http: Este es un mensaje de http
2023-08-14T04:47:28.413Z info: Este es un mensaje de info
2023-08-14T04:47:28.413Z warning: Este es un mensaje de advertencia
2023-08-14T04:47:28.413Z error: Este es un mensaje de error
2023-08-14T04:47:28.803Z info: GET /favicon.ico
2023-08-14T04:49:46.432Z info: GET /
2023-08-14T04:49:46.782Z info: GET /fontawesome/css/font-awesome.min.css
2023-08-14T04:49:46.789Z info: GET /themes/bootshop/bootstrap.min.css
2023-08-14T04:49:46.800Z info: GET /themes/css/base.css
2023-08-14T04:49:46.808Z info: GET /themes/css/bootstrap-responsive.min.css
2023-08-14T04:49:46.815Z info: GET /themes/css/font-awesome.css
2023-08-14T04:49:46.821Z info: GET /themes/js/google-code-prettify/prettify.css
2023-08-14T04:49:47.271Z info: GET /themes/js/jquery.js
2023-08-14T04:49:47.280Z info: GET /themes/js/bootstrap.min.js
2023-08-14T04:49:47.290Z info: GET /themes/js/google-code-prettify/prettify.js
2023-08-14T04:49:47.302Z info: GET /themes/js/bootshop.js
2023-08-14T04:49:47.432Z info: GET /themes/images/new.png
2023-08-14T04:49:47.438Z info: GET /themes/images/headerRepeat.png
2023-08-14T04:49:47.500Z info: GET /themes/font/fontawesome-webfont.woff
2023-08-14T04:49:47.509Z info: GET /themes/images/tabRepeatInactive.png
2023-08-14T04:49:47.591Z info: GET /themes/images/search.png
2023-08-14T04:49:47.668Z info: GET /themes/images/ico-cart.png
2023-08-14T04:49:47.675Z info: GET /themes/images/products/9.jpg
2023-08-14T04:49:47.686Z info: GET /themes/images/carousel/1.png
2023-08-14T04:49:47.784Z info: GET /themes/images/products/7.jpg
2023-08-14T04:49:47.788Z info: GET /themes/images/products/kindle.png
2023-08-14T04:49:47.835Z info: GET /themes/images/logo.png
2023-08-14T04:49:47.867Z info: GET /themes/images/products/3.jpg
2023-08-14T04:49:47.938Z info: GET /themes/images/products/8.jpg
2023-08-14T04:49:47.950Z info: GET /themes/images/products/10.jpg
2023-08-14T04:49:47.983Z info: GET /themes/images/products/11.jpg
2023-08-14T04:49:48.023Z info: GET /themes/images/products/panasonic.jpg
2023-08-14T04:49:48.077Z info: GET /themes/images/products/6.jpg
2023-08-14T04:49:48.101Z info: GET /themes/images/products/2.jpg
2023-08-14T04:49:48.119Z info: GET /themes/images/payment_methods.png
2023-08-14T04:49:48.179Z info: GET /themes/js/jquery.lightbox-0.5.js
2023-08-14T04:49:48.185Z info: GET /themes/switch/themeswitch.css
2023-08-14T04:49:48.203Z info: GET /themes/switch/theamswitcher.js
2023-08-14T04:49:48.261Z info: GET /js/index.js
2023-08-14T04:49:48.284Z info: GET /themes/images/carousel/2.png
2023-08-14T04:49:48.295Z info: GET /themes/images/carousel/3.png
2023-08-14T04:49:48.341Z info: GET /themes/images/carousel/4.png
2023-08-14T04:49:48.353Z info: GET /themes/images/carousel/5.png
2023-08-14T04:49:48.363Z info: GET /themes/images/carousel/6.png
2023-08-14T04:49:48.409Z info: GET /themes/switch/images/styleTgl.png
2023-08-14T04:49:48.467Z info: GET /themes/images/products/5.jpg
2023-08-14T04:49:48.472Z info: GET /themes/images/products/1.jpg
2023-08-14T04:49:48.496Z info: GET /themes/images/products/4.jpg
2023-08-14T04:49:48.559Z info: GET /themes/images/facebook.png
2023-08-14T04:49:48.633Z info: GET /themes/images/twitter.png
2023-08-14T04:49:48.638Z info: GET /themes/images/youtube.png
2023-08-14T04:49:48.673Z info: GET /themes/switch/images/clr/bootshop.png
2023-08-14T04:49:48.728Z info: GET /themes/switch/images/clr/businessltd.png
2023-08-14T04:49:48.773Z info: GET /themes/switch/images/clr/amelia.png
2023-08-14T04:49:48.790Z info: GET /themes/switch/images/clr/spruce.png
2023-08-14T04:49:48.818Z info: GET /themes/switch/images/clr/superhero.png
2023-08-14T04:49:48.935Z info: GET /themes/switch/images/clr/cyborg.png
2023-08-14T04:49:48.945Z info: GET /themes/switch/images/clr/cerulean.png
2023-08-14T04:49:48.952Z info: GET /themes/switch/images/clr/journal.png
2023-08-14T04:49:48.967Z info: GET /themes/switch/images/clr/readable.png
2023-08-14T04:49:48.978Z info: GET /themes/switch/images/clr/simplex.png
2023-08-14T04:49:48.985Z info: GET /themes/switch/images/clr/slate.png
2023-08-14T04:49:49.084Z info: GET /themes/switch/images/clr/spacelab.png
2023-08-14T04:49:49.089Z info: GET /themes/switch/images/clr/united.png
2023-08-14T04:49:49.100Z info: GET /themes/switch/images/pattern/pattern1.png
2023-08-14T04:49:49.122Z info: GET /themes/switch/images/pattern/pattern2.png
2023-08-14T04:49:49.129Z info: GET /themes/switch/images/pattern/pattern3.png
2023-08-14T04:49:49.235Z info: GET /themes/switch/images/pattern/pattern4.png
2023-08-14T04:49:49.239Z info: GET /themes/switch/images/pattern/pattern5.png
2023-08-14T04:49:49.249Z info: GET /themes/switch/images/pattern/pattern6.png
2023-08-14T04:49:49.272Z info: GET /themes/switch/images/pattern/pattern7.png
2023-08-14T04:49:49.282Z info: GET /themes/switch/images/pattern/pattern8.png
2023-08-14T04:49:49.376Z info: GET /themes/switch/images/pattern/pattern9.png
2023-08-14T04:49:49.389Z info: GET /themes/switch/images/pattern/pattern10.png
2023-08-14T04:49:49.394Z info: GET /themes/switch/images/pattern/pattern11.png
2023-08-14T04:49:49.426Z info: GET /themes/switch/images/pattern/pattern12.png
2023-08-14T04:49:49.434Z info: GET /themes/switch/images/pattern/pattern13.png
2023-08-14T04:49:49.481Z info: GET /themes/switch/images/pattern/pattern14.png
2023-08-14T04:49:49.537Z info: GET /themes/switch/images/pattern/pattern15.png
2023-08-14T04:49:49.544Z info: GET /themes/switch/images/pattern/pattern16.png
2023-08-14T04:49:49.548Z info: GET /themes/switch/images/pattern/pattern17.png
2023-08-14T04:49:49.625Z info: GET /themes/switch/images/pattern/pattern18.png
2023-08-14T04:49:49.629Z info: GET /themes/switch/images/pattern/pattern19.png
2023-08-14T04:49:49.707Z info: GET /themes/switch/images/pattern/pattern20.png
2023-08-14T04:49:49.712Z info: GET /themes/switch/images/hideme.png
2023-08-14T04:49:49.886Z info: GET /themes/images/ico/favicon.ico
2023-08-14T04:49:58.066Z info: GET /loggerTest
2023-08-14T04:49:58.391Z info: GET /favicon.ico
2023-08-14T04:50:13.882Z info: GET /api/loggerTest
2023-08-14T04:50:14.019Z debug: Este es un mensaje de debug
2023-08-14T04:50:14.021Z http: Este es un mensaje de http
2023-08-14T04:50:14.022Z info: Este es un mensaje de info
2023-08-14T04:50:14.024Z warning: Este es un mensaje de advertencia
2023-08-14T04:50:14.024Z error: Este es un mensaje de error
2023-08-14T04:55:24.573Z info: GET /api/loggerTest
2023-08-14T04:55:24.726Z debug: Este es un mensaje de debug
2023-08-14T04:55:24.728Z http: Este es un mensaje de http
2023-08-14T04:55:24.729Z info: Este es un mensaje de info
2023-08-14T04:55:24.731Z warning: Este es un mensaje de advertencia
2023-08-14T04:55:24.731Z error: Este es un mensaje de error
2023-08-14T04:55:25.022Z info: GET /favicon.ico
2023-08-14T04:57:13.456Z error: Este es un mensaje de error
2023-08-14T04:57:13.457Z fatal: Este es un mensaje de fatal
2023-08-14T05:05:33.509Z error: Este es un mensaje de error
2023-08-14T05:05:33.510Z fatal: Este es un mensaje de fatal
